<?xml version="1.0" encoding="UTF-8"?>
<!-- Generated by org.testng.reporters.JUnitReportReporter -->
<testsuite hostname="COB1086589" failures="0" tests="1" name="qa_refapp.openmrs.tests.TC02_RegisterPatientandVerifyPatientDetailsTest" time="29.175" errors="0" timestamp="2023-05-08T13:34:37 IST" skipped="0">
  <testcase classname="qa_refapp.openmrs.tests.TC02_RegisterPatientandVerifyPatientDetailsTest" name="RegisterPatientandVerifyPatientDetailsTest" time="29.175"/>
  <system-out/>
</testsuite> <!-- qa_refapp.openmrs.tests.TC02_RegisterPatientandVerifyPatientDetailsTest -->
