<?xml version="1.0" encoding="UTF-8"?>
<!-- Generated by org.testng.reporters.JUnitReportReporter -->
<testsuite hostname="COB1086589" failures="0" tests="1" name="qa_refapp.openmrs.tests.TC11_DeletePatientAndVerifyToasterTest" time="34.716" errors="0" timestamp="2023-05-07T22:27:54 IST" skipped="0">
  <testcase classname="qa_refapp.openmrs.tests.TC11_DeletePatientAndVerifyToasterTest" name="DeletePatientAndVerifyToasterTest" time="34.716"/>
  <system-out/>
</testsuite> <!-- qa_refapp.openmrs.tests.TC11_DeletePatientAndVerifyToasterTest -->
