<?xml version="1.0" encoding="UTF-8"?>
<!-- Generated by org.testng.reporters.JUnitReportReporter -->
<testsuite hostname="COB1086589" failures="0" tests="1" name="qa_refapp.openmrs.tests.TC08_RecentVisitWithCurrentDateandVitalTest" time="25.221" errors="0" timestamp="2023-05-08T04:03:13 IST" skipped="0">
  <testcase classname="qa_refapp.openmrs.tests.TC08_RecentVisitWithCurrentDateandVitalTest" name="RecentVisitWithCurrentDateandVitalTest" time="25.221"/>
  <system-out/>
</testsuite> <!-- qa_refapp.openmrs.tests.TC08_RecentVisitWithCurrentDateandVitalTest -->
