<?xml version="1.0" encoding="UTF-8"?>
<!-- Generated by org.testng.reporters.JUnitReportReporter -->
<testsuite hostname="COB1086589" failures="0" tests="1" name="qa_refapp.openmrs.tests.TC01_DashboardPageVerificationTest" time="19.624" errors="0" timestamp="2023-05-08T04:03:13 IST" skipped="0">
  <testcase classname="qa_refapp.openmrs.tests.TC01_DashboardPageVerificationTest" name="DashboardPageVerificationTest" time="19.624"/>
  <system-out/>
</testsuite> <!-- qa_refapp.openmrs.tests.TC01_DashboardPageVerificationTest -->
